<?xml version="1.0" encoding="UTF-8"?>
<!-- Generated by org.testng.reporters.JUnitReportReporter -->
<testsuite skipped="0" hostname="Jyothis-MacBook-Pro.local" name="com.mobile.appiumTest.FirstAppiumTest" tests="1" failures="0" timestamp="13 Jul 2018 18:00:49 GMT" time="0.002" errors="0">
  <testcase name="firstTest" time="0.002" classname="com.mobile.appiumTest.FirstAppiumTest"/>
</testsuite> <!-- com.mobile.appiumTest.FirstAppiumTest -->
